Determining if the pthread_create exist failed with the following output:
Change Dir: /home/robond/Documents/rakshith/ASU/sem2/ses_598_autonomous_sys/hw1/catkin_ws/build/CMakeFiles/CMakeTmp

Run Build Command:"/usr/bin/make" "cmTC_05e1d/fast"
/usr/bin/make -f CMakeFiles/cmTC_05e1d.dir/build.make CMakeFiles/cmTC_05e1d.dir/build
make[1]: Entering directory '/home/robond/Documents/rakshith/ASU/sem2/ses_598_autonomous_sys/hw1/catkin_ws/build/CMakeFiles/CMakeTmp'
Building C object CMakeFiles/cmTC_05e1d.dir/CheckSymbolExists.c.o
/usr/bin/cc     -o CMakeFiles/cmTC_05e1d.dir/CheckSymbolExists.c.o   -c /home/robond/Documents/rakshith/ASU/sem2/ses_598_autonomous_sys/hw1/catkin_ws/build/CMakeFiles/CMakeTmp/CheckSymbolExists.c
Linking C executable cmTC_05e1d
/usr/bin/cmake -E cmake_link_script CMakeFiles/cmTC_05e1d.dir/link.txt --verbose=1
/usr/bin/cc       CMakeFiles/cmTC_05e1d.dir/CheckSymbolExists.c.o  -o cmTC_05e1d -rdynamic 
CMakeFiles/cmTC_05e1d.dir/CheckSymbolExists.c.o: In function `main':
CheckSymbolExists.c:(.text+0x16): undefined reference to `pthread_create'
collect2: error: ld returned 1 exit status
CMakeFiles/cmTC_05e1d.dir/build.make:97: recipe for target 'cmTC_05e1d' failed
make[1]: *** [cmTC_05e1d] Error 1
make[1]: Leaving directory '/home/robond/Documents/rakshith/ASU/sem2/ses_598_autonomous_sys/hw1/catkin_ws/build/CMakeFiles/CMakeTmp'
Makefile:126: recipe for target 'cmTC_05e1d/fast' failed
make: *** [cmTC_05e1d/fast] Error 2

File /home/robond/Documents/rakshith/ASU/sem2/ses_598_autonomous_sys/hw1/catkin_ws/build/CMakeFiles/CMakeTmp/CheckSymbolExists.c:
/* */
#include <pthread.h>

int main(int argc, char** argv)
{
  (void)argv;
#ifndef pthread_create
  return ((int*)(&pthread_create))[argc];
#else
  (void)argc;
  return 0;
#endif
}

Determining if the function pthread_create exists in the pthreads failed with the following output:
Change Dir: /home/robond/Documents/rakshith/ASU/sem2/ses_598_autonomous_sys/hw1/catkin_ws/build/CMakeFiles/CMakeTmp

Run Build Command:"/usr/bin/make" "cmTC_bbbaf/fast"
/usr/bin/make -f CMakeFiles/cmTC_bbbaf.dir/build.make CMakeFiles/cmTC_bbbaf.dir/build
make[1]: Entering directory '/home/robond/Documents/rakshith/ASU/sem2/ses_598_autonomous_sys/hw1/catkin_ws/build/CMakeFiles/CMakeTmp'
Building C object CMakeFiles/cmTC_bbbaf.dir/CheckFunctionExists.c.o
/usr/bin/cc    -DCHECK_FUNCTION_EXISTS=pthread_create   -o CMakeFiles/cmTC_bbbaf.dir/CheckFunctionExists.c.o   -c /usr/share/cmake-3.5/Modules/CheckFunctionExists.c
Linking C executable cmTC_bbbaf
/usr/bin/cmake -E cmake_link_script CMakeFiles/cmTC_bbbaf.dir/link.txt --verbose=1
/usr/bin/cc   -DCHECK_FUNCTION_EXISTS=pthread_create    CMakeFiles/cmTC_bbbaf.dir/CheckFunctionExists.c.o  -o cmTC_bbbaf -rdynamic -lpthreads 
/usr/bin/ld: cannot find -lpthreads
collect2: error: ld returned 1 exit status
CMakeFiles/cmTC_bbbaf.dir/build.make:97: recipe for target 'cmTC_bbbaf' failed
make[1]: *** [cmTC_bbbaf] Error 1
make[1]: Leaving directory '/home/robond/Documents/rakshith/ASU/sem2/ses_598_autonomous_sys/hw1/catkin_ws/build/CMakeFiles/CMakeTmp'
Makefile:126: recipe for target 'cmTC_bbbaf/fast' failed
make: *** [cmTC_bbbaf/fast] Error 2


